\BOOKMARK [0][-]{chapter.1}{\376\377\0001\000\040\000C\000l\000a\000s\000s\000\040\000I\000n\000d\000e\000x}{}% 1
\BOOKMARK [1][-]{section.1.1}{\376\377\0001\000.\0001\000\040\000C\000l\000a\000s\000s\000\040\000L\000i\000s\000t}{chapter.1}% 2
\BOOKMARK [0][-]{chapter.2}{\376\377\0002\000\040\000F\000i\000l\000e\000\040\000I\000n\000d\000e\000x}{}% 3
\BOOKMARK [1][-]{section.2.1}{\376\377\0002\000.\0001\000\040\000F\000i\000l\000e\000\040\000L\000i\000s\000t}{chapter.2}% 4
\BOOKMARK [0][-]{chapter.3}{\376\377\0003\000\040\000C\000l\000a\000s\000s\000\040\000D\000o\000c\000u\000m\000e\000n\000t\000a\000t\000i\000o\000n}{}% 5
\BOOKMARK [1][-]{section.3.1}{\376\377\0003\000.\0001\000\040\000L\000S\000R\000e\000c\000v\000U\000D\000P\000M\000a\000n\000a\000g\000e\000r\000\040\000C\000l\000a\000s\000s\000\040\000R\000e\000f\000e\000r\000e\000n\000c\000e}{chapter.3}% 6
\BOOKMARK [2][-]{subsection.3.1.1}{\376\377\0003\000.\0001\000.\0001\000\040\000C\000o\000n\000s\000t\000r\000u\000c\000t\000o\000r\000\040\000\046\000\040\000D\000e\000s\000t\000r\000u\000c\000t\000o\000r\000\040\000D\000o\000c\000u\000m\000e\000n\000t\000a\000t\000i\000o\000n}{section.3.1}% 7
\BOOKMARK [3][-]{subsubsection.3.1.1.1}{\376\377\0003\000.\0001\000.\0001\000.\0001\000\040\000L\000S\000R\000e\000c\000v\000U\000D\000P\000M\000a\000n\000a\000g\000e\000r\000\050\000\051}{subsection.3.1.1}% 8
\BOOKMARK [3][-]{subsubsection.3.1.1.2}{\376\377\0003\000.\0001\000.\0001\000.\0002\000\040\000~\000L\000S\000R\000e\000c\000v\000U\000D\000P\000M\000a\000n\000a\000g\000e\000r\000\050\000\051}{subsection.3.1.1}% 9
\BOOKMARK [2][-]{subsection.3.1.2}{\376\377\0003\000.\0001\000.\0002\000\040\000M\000e\000m\000b\000e\000r\000\040\000F\000u\000n\000c\000t\000i\000o\000n\000\040\000D\000o\000c\000u\000m\000e\000n\000t\000a\000t\000i\000o\000n}{section.3.1}% 10
\BOOKMARK [3][-]{subsubsection.3.1.2.1}{\376\377\0003\000.\0001\000.\0002\000.\0001\000\040\000c\000l\000o\000s\000e\000S\000o\000c\000k\000e\000t\000\050\000\051}{subsection.3.1.2}% 11
\BOOKMARK [3][-]{subsubsection.3.1.2.2}{\376\377\0003\000.\0001\000.\0002\000.\0002\000\040\000L\000S\000S\000o\000c\000k\000e\000t\000O\000p\000e\000n\000\050\000\051}{subsection.3.1.2}% 12
\BOOKMARK [3][-]{subsubsection.3.1.2.3}{\376\377\0003\000.\0001\000.\0002\000.\0003\000\040\000r\000e\000c\000e\000i\000v\000e\000D\000a\000t\000a\000\050\000\051}{subsection.3.1.2}% 13
\BOOKMARK [1][-]{section.3.2}{\376\377\0003\000.\0002\000\040\000M\000F\000R\000S\000e\000n\000d\000U\000D\000P\000M\000a\000n\000a\000g\000e\000r\000\040\000C\000l\000a\000s\000s\000\040\000R\000e\000f\000e\000r\000e\000n\000c\000e}{chapter.3}% 14
\BOOKMARK [2][-]{subsection.3.2.1}{\376\377\0003\000.\0002\000.\0001\000\040\000C\000o\000n\000s\000t\000r\000u\000c\000t\000o\000r\000\040\000\046\000\040\000D\000e\000s\000t\000r\000u\000c\000t\000o\000r\000\040\000D\000o\000c\000u\000m\000e\000n\000t\000a\000t\000i\000o\000n}{section.3.2}% 15
\BOOKMARK [3][-]{subsubsection.3.2.1.1}{\376\377\0003\000.\0002\000.\0001\000.\0001\000\040\000M\000F\000R\000S\000e\000n\000d\000U\000D\000P\000M\000a\000n\000a\000g\000e\000r\000\050\000\051}{subsection.3.2.1}% 16
\BOOKMARK [3][-]{subsubsection.3.2.1.2}{\376\377\0003\000.\0002\000.\0001\000.\0002\000\040\000~\000M\000F\000R\000S\000e\000n\000d\000U\000D\000P\000M\000a\000n\000a\000g\000e\000r\000\050\000\051}{subsection.3.2.1}% 17
\BOOKMARK [2][-]{subsection.3.2.2}{\376\377\0003\000.\0002\000.\0002\000\040\000M\000e\000m\000b\000e\000r\000\040\000F\000u\000n\000c\000t\000i\000o\000n\000\040\000D\000o\000c\000u\000m\000e\000n\000t\000a\000t\000i\000o\000n}{section.3.2}% 18
\BOOKMARK [3][-]{subsubsection.3.2.2.1}{\376\377\0003\000.\0002\000.\0002\000.\0001\000\040\000M\000F\000R\000S\000o\000c\000k\000e\000t\000O\000p\000e\000n\000\050\000\051}{subsection.3.2.2}% 19
\BOOKMARK [3][-]{subsubsection.3.2.2.2}{\376\377\0003\000.\0002\000.\0002\000.\0002\000\040\000s\000e\000n\000d\000D\000a\000t\000a\000\050\000\051}{subsection.3.2.2}% 20
\BOOKMARK [1][-]{section.3.3}{\376\377\0003\000.\0003\000\040\000M\000i\000s\000s\000i\000l\000e\000I\000n\000f\000o\000\040\000S\000t\000r\000u\000c\000t\000\040\000R\000e\000f\000e\000r\000e\000n\000c\000e}{chapter.3}% 21
\BOOKMARK [2][-]{subsection.3.3.1}{\376\377\0003\000.\0003\000.\0001\000\040\000M\000e\000m\000b\000e\000r\000\040\000D\000a\000t\000a\000\040\000D\000o\000c\000u\000m\000e\000n\000t\000a\000t\000i\000o\000n}{section.3.3}% 22
\BOOKMARK [3][-]{subsubsection.3.3.1.1}{\376\377\0003\000.\0003\000.\0001\000.\0001\000\040\000a\000n\000g\000l\000e}{subsection.3.3.1}% 23
\BOOKMARK [3][-]{subsubsection.3.3.1.2}{\376\377\0003\000.\0003\000.\0001\000.\0002\000\040\000i\000d}{subsection.3.3.1}% 24
\BOOKMARK [3][-]{subsubsection.3.3.1.3}{\376\377\0003\000.\0003\000.\0001\000.\0003\000\040\000m\000o\000c\000k\000T\000y\000p\000e}{subsection.3.3.1}% 25
\BOOKMARK [3][-]{subsubsection.3.3.1.4}{\376\377\0003\000.\0003\000.\0001\000.\0004\000\040\000s\000p\000e\000e\000d}{subsection.3.3.1}% 26
\BOOKMARK [3][-]{subsubsection.3.3.1.5}{\376\377\0003\000.\0003\000.\0001\000.\0005\000\040\000x}{subsection.3.3.1}% 27
\BOOKMARK [3][-]{subsubsection.3.3.1.6}{\376\377\0003\000.\0003\000.\0001\000.\0006\000\040\000y}{subsection.3.3.1}% 28
\BOOKMARK [3][-]{subsubsection.3.3.1.7}{\376\377\0003\000.\0003\000.\0001\000.\0007\000\040\000z}{subsection.3.3.1}% 29
\BOOKMARK [1][-]{section.3.4}{\376\377\0003\000.\0004\000\040\000M\000o\000c\000k\000M\000i\000s\000s\000i\000l\000e\000\040\000C\000l\000a\000s\000s\000\040\000R\000e\000f\000e\000r\000e\000n\000c\000e}{chapter.3}% 30
\BOOKMARK [2][-]{subsection.3.4.1}{\376\377\0003\000.\0004\000.\0001\000\040\000C\000o\000n\000s\000t\000r\000u\000c\000t\000o\000r\000\040\000\046\000\040\000D\000e\000s\000t\000r\000u\000c\000t\000o\000r\000\040\000D\000o\000c\000u\000m\000e\000n\000t\000a\000t\000i\000o\000n}{section.3.4}% 31
\BOOKMARK [3][-]{subsubsection.3.4.1.1}{\376\377\0003\000.\0004\000.\0001\000.\0001\000\040\000M\000o\000c\000k\000M\000i\000s\000s\000i\000l\000e\000\050\000\051}{subsection.3.4.1}% 32
\BOOKMARK [3][-]{subsubsection.3.4.1.2}{\376\377\0003\000.\0004\000.\0001\000.\0002\000\040\000~\000M\000o\000c\000k\000M\000i\000s\000s\000i\000l\000e\000\050\000\051}{subsection.3.4.1}% 33
\BOOKMARK [2][-]{subsection.3.4.2}{\376\377\0003\000.\0004\000.\0002\000\040\000M\000e\000m\000b\000e\000r\000\040\000F\000u\000n\000c\000t\000i\000o\000n\000\040\000D\000o\000c\000u\000m\000e\000n\000t\000a\000t\000i\000o\000n}{section.3.4}% 34
\BOOKMARK [3][-]{subsubsection.3.4.2.1}{\376\377\0003\000.\0004\000.\0002\000.\0001\000\040\000u\000p\000d\000a\000t\000e\000P\000o\000s\000M\000i\000s\000s\000i\000l\000e\000\050\000\051}{subsection.3.4.2}% 35
\BOOKMARK [1][-]{section.3.5}{\376\377\0003\000.\0005\000\040\000M\000o\000c\000k\000M\000i\000s\000s\000i\000l\000e\000M\000a\000n\000a\000g\000e\000r\000\040\000C\000l\000a\000s\000s\000\040\000R\000e\000f\000e\000r\000e\000n\000c\000e}{chapter.3}% 36
\BOOKMARK [2][-]{subsection.3.5.1}{\376\377\0003\000.\0005\000.\0001\000\040\000C\000o\000n\000s\000t\000r\000u\000c\000t\000o\000r\000\040\000\046\000\040\000D\000e\000s\000t\000r\000u\000c\000t\000o\000r\000\040\000D\000o\000c\000u\000m\000e\000n\000t\000a\000t\000i\000o\000n}{section.3.5}% 37
\BOOKMARK [3][-]{subsubsection.3.5.1.1}{\376\377\0003\000.\0005\000.\0001\000.\0001\000\040\000M\000o\000c\000k\000M\000i\000s\000s\000i\000l\000e\000M\000a\000n\000a\000g\000e\000r\000\050\000\051}{subsection.3.5.1}% 38
\BOOKMARK [2][-]{subsection.3.5.2}{\376\377\0003\000.\0005\000.\0002\000\040\000M\000e\000m\000b\000e\000r\000\040\000F\000u\000n\000c\000t\000i\000o\000n\000\040\000D\000o\000c\000u\000m\000e\000n\000t\000a\000t\000i\000o\000n}{section.3.5}% 39
\BOOKMARK [3][-]{subsubsection.3.5.2.1}{\376\377\0003\000.\0005\000.\0002\000.\0001\000\040\000f\000l\000i\000g\000h\000t\000M\000i\000s\000s\000i\000l\000e\000\050\000\051}{subsection.3.5.2}% 40
\BOOKMARK [1][-]{section.3.6}{\376\377\0003\000.\0006\000\040\000M\000o\000c\000k\000T\000a\000r\000g\000e\000t\000\040\000C\000l\000a\000s\000s\000\040\000R\000e\000f\000e\000r\000e\000n\000c\000e}{chapter.3}% 41
\BOOKMARK [2][-]{subsection.3.6.1}{\376\377\0003\000.\0006\000.\0001\000\040\000C\000o\000n\000s\000t\000r\000u\000c\000t\000o\000r\000\040\000\046\000\040\000D\000e\000s\000t\000r\000u\000c\000t\000o\000r\000\040\000D\000o\000c\000u\000m\000e\000n\000t\000a\000t\000i\000o\000n}{section.3.6}% 42
\BOOKMARK [3][-]{subsubsection.3.6.1.1}{\376\377\0003\000.\0006\000.\0001\000.\0001\000\040\000M\000o\000c\000k\000T\000a\000r\000g\000e\000t\000\050\000\051}{subsection.3.6.1}% 43
\BOOKMARK [3][-]{subsubsection.3.6.1.2}{\376\377\0003\000.\0006\000.\0001\000.\0002\000\040\000~\000M\000o\000c\000k\000T\000a\000r\000g\000e\000t\000\050\000\051}{subsection.3.6.1}% 44
\BOOKMARK [2][-]{subsection.3.6.2}{\376\377\0003\000.\0006\000.\0002\000\040\000M\000e\000m\000b\000e\000r\000\040\000F\000u\000n\000c\000t\000i\000o\000n\000\040\000D\000o\000c\000u\000m\000e\000n\000t\000a\000t\000i\000o\000n}{section.3.6}% 45
\BOOKMARK [3][-]{subsubsection.3.6.2.1}{\376\377\0003\000.\0006\000.\0002\000.\0001\000\040\000u\000p\000d\000a\000t\000e\000P\000o\000s\000\050\000\051}{subsection.3.6.2}% 46
\BOOKMARK [1][-]{section.3.7}{\376\377\0003\000.\0007\000\040\000M\000o\000c\000k\000T\000a\000r\000g\000e\000t\000M\000a\000n\000a\000g\000e\000r\000\040\000C\000l\000a\000s\000s\000\040\000R\000e\000f\000e\000r\000e\000n\000c\000e}{chapter.3}% 47
\BOOKMARK [2][-]{subsection.3.7.1}{\376\377\0003\000.\0007\000.\0001\000\040\000C\000o\000n\000s\000t\000r\000u\000c\000t\000o\000r\000\040\000\046\000\040\000D\000e\000s\000t\000r\000u\000c\000t\000o\000r\000\040\000D\000o\000c\000u\000m\000e\000n\000t\000a\000t\000i\000o\000n}{section.3.7}% 48
\BOOKMARK [3][-]{subsubsection.3.7.1.1}{\376\377\0003\000.\0007\000.\0001\000.\0001\000\040\000M\000o\000c\000k\000T\000a\000r\000g\000e\000t\000M\000a\000n\000a\000g\000e\000r\000\050\000\051}{subsection.3.7.1}% 49
\BOOKMARK [2][-]{subsection.3.7.2}{\376\377\0003\000.\0007\000.\0002\000\040\000M\000e\000m\000b\000e\000r\000\040\000F\000u\000n\000c\000t\000i\000o\000n\000\040\000D\000o\000c\000u\000m\000e\000n\000t\000a\000t\000i\000o\000n}{section.3.7}% 50
\BOOKMARK [3][-]{subsubsection.3.7.2.1}{\376\377\0003\000.\0007\000.\0002\000.\0001\000\040\000a\000d\000d\000T\000a\000r\000g\000e\000t\000\050\000\051}{subsection.3.7.2}% 51
\BOOKMARK [3][-]{subsubsection.3.7.2.2}{\376\377\0003\000.\0007\000.\0002\000.\0002\000\040\000f\000l\000i\000t\000g\000h\000t\000T\000a\000r\000g\000e\000t\000\050\000\051}{subsection.3.7.2}% 52
\BOOKMARK [3][-]{subsubsection.3.7.2.3}{\376\377\0003\000.\0007\000.\0002\000.\0003\000\040\000R\000a\000e\000d\000T\000a\000r\000g\000e\000t\000I\000n\000i\000\050\000\051}{subsection.3.7.2}% 53
\BOOKMARK [1][-]{section.3.8}{\376\377\0003\000.\0008\000\040\000S\000i\000m\000u\000l\000a\000t\000o\000r\000\040\000C\000l\000a\000s\000s\000\040\000R\000e\000f\000e\000r\000e\000n\000c\000e}{chapter.3}% 54
\BOOKMARK [2][-]{subsection.3.8.1}{\376\377\0003\000.\0008\000.\0001\000\040\000C\000o\000n\000s\000t\000r\000u\000c\000t\000o\000r\000\040\000\046\000\040\000D\000e\000s\000t\000r\000u\000c\000t\000o\000r\000\040\000D\000o\000c\000u\000m\000e\000n\000t\000a\000t\000i\000o\000n}{section.3.8}% 55
\BOOKMARK [3][-]{subsubsection.3.8.1.1}{\376\377\0003\000.\0008\000.\0001\000.\0001\000\040\000S\000i\000m\000u\000l\000a\000t\000o\000r\000\050\000\051}{subsection.3.8.1}% 56
\BOOKMARK [3][-]{subsubsection.3.8.1.2}{\376\377\0003\000.\0008\000.\0001\000.\0002\000\040\000~\000S\000i\000m\000u\000l\000a\000t\000o\000r\000\050\000\051}{subsection.3.8.1}% 57
\BOOKMARK [2][-]{subsection.3.8.2}{\376\377\0003\000.\0008\000.\0002\000\040\000M\000e\000m\000b\000e\000r\000\040\000F\000u\000n\000c\000t\000i\000o\000n\000\040\000D\000o\000c\000u\000m\000e\000n\000t\000a\000t\000i\000o\000n}{section.3.8}% 58
\BOOKMARK [3][-]{subsubsection.3.8.2.1}{\376\377\0003\000.\0008\000.\0002\000.\0001\000\040\000i\000n\000i\000t\000\050\000\051}{subsection.3.8.2}% 59
\BOOKMARK [3][-]{subsubsection.3.8.2.2}{\376\377\0003\000.\0008\000.\0002\000.\0002\000\040\000s\000t\000a\000r\000t\000\050\000\051}{subsection.3.8.2}% 60
\BOOKMARK [1][-]{section.3.9}{\376\377\0003\000.\0009\000\040\000T\000a\000r\000g\000e\000t\000I\000n\000f\000o\000\040\000S\000t\000r\000u\000c\000t\000\040\000R\000e\000f\000e\000r\000e\000n\000c\000e}{chapter.3}% 61
\BOOKMARK [2][-]{subsection.3.9.1}{\376\377\0003\000.\0009\000.\0001\000\040\000M\000e\000m\000b\000e\000r\000\040\000D\000a\000t\000a\000\040\000D\000o\000c\000u\000m\000e\000n\000t\000a\000t\000i\000o\000n}{section.3.9}% 62
\BOOKMARK [3][-]{subsubsection.3.9.1.1}{\376\377\0003\000.\0009\000.\0001\000.\0001\000\040\000a\000n\000g\000l\000e}{subsection.3.9.1}% 63
\BOOKMARK [3][-]{subsubsection.3.9.1.2}{\376\377\0003\000.\0009\000.\0001\000.\0002\000\040\000i\000d}{subsection.3.9.1}% 64
\BOOKMARK [3][-]{subsubsection.3.9.1.3}{\376\377\0003\000.\0009\000.\0001\000.\0003\000\040\000m\000o\000c\000k\000T\000y\000p\000e}{subsection.3.9.1}% 65
\BOOKMARK [3][-]{subsubsection.3.9.1.4}{\376\377\0003\000.\0009\000.\0001\000.\0004\000\040\000s\000p\000e\000e\000d}{subsection.3.9.1}% 66
\BOOKMARK [3][-]{subsubsection.3.9.1.5}{\376\377\0003\000.\0009\000.\0001\000.\0005\000\040\000x}{subsection.3.9.1}% 67
\BOOKMARK [3][-]{subsubsection.3.9.1.6}{\376\377\0003\000.\0009\000.\0001\000.\0006\000\040\000y}{subsection.3.9.1}% 68
\BOOKMARK [3][-]{subsubsection.3.9.1.7}{\376\377\0003\000.\0009\000.\0001\000.\0007\000\040\000z}{subsection.3.9.1}% 69
\BOOKMARK [0][-]{chapter.4}{\376\377\0004\000\040\000F\000i\000l\000e\000\040\000D\000o\000c\000u\000m\000e\000n\000t\000a\000t\000i\000o\000n}{}% 70
\BOOKMARK [1][-]{section.4.1}{\376\377\0004\000.\0001\000\040\000S\000i\000m\000u\000l\000a\000t\000o\000r\000/\000m\000a\000i\000n\000.\000c\000p\000p\000\040\000F\000i\000l\000e\000\040\000R\000e\000f\000e\000r\000e\000n\000c\000e}{chapter.4}% 71
\BOOKMARK [2][-]{subsection.4.1.1}{\376\377\0004\000.\0001\000.\0001\000\040\000F\000u\000n\000c\000t\000i\000o\000n\000\040\000D\000o\000c\000u\000m\000e\000n\000t\000a\000t\000i\000o\000n}{section.4.1}% 72
\BOOKMARK [3][-]{subsubsection.4.1.1.1}{\376\377\0004\000.\0001\000.\0001\000.\0001\000\040\000m\000a\000i\000n\000\050\000\051}{subsection.4.1.1}% 73
\BOOKMARK [1][-]{section.4.2}{\376\377\0004\000.\0002\000\040\000S\000i\000m\000u\000l\000a\000t\000o\000r\000/\000M\000o\000c\000k\000/\000i\000n\000f\000o\000/\000M\000i\000s\000s\000i\000l\000e\000I\000n\000f\000o\000.\000h\000\040\000F\000i\000l\000e\000\040\000R\000e\000f\000e\000r\000e\000n\000c\000e}{chapter.4}% 74
\BOOKMARK [1][-]{section.4.3}{\376\377\0004\000.\0003\000\040\000M\000i\000s\000s\000i\000l\000e\000I\000n\000f\000o\000.\000h}{chapter.4}% 75
\BOOKMARK [1][-]{section.4.4}{\376\377\0004\000.\0004\000\040\000S\000i\000m\000u\000l\000a\000t\000o\000r\000/\000M\000o\000c\000k\000/\000i\000n\000f\000o\000/\000T\000a\000r\000g\000e\000t\000I\000n\000f\000o\000.\000h\000\040\000F\000i\000l\000e\000\040\000R\000e\000f\000e\000r\000e\000n\000c\000e}{chapter.4}% 76
\BOOKMARK [1][-]{section.4.5}{\376\377\0004\000.\0005\000\040\000T\000a\000r\000g\000e\000t\000I\000n\000f\000o\000.\000h}{chapter.4}% 77
\BOOKMARK [1][-]{section.4.6}{\376\377\0004\000.\0006\000\040\000S\000i\000m\000u\000l\000a\000t\000o\000r\000/\000M\000o\000c\000k\000/\000M\000o\000c\000k\000M\000i\000s\000s\000i\000l\000e\000.\000c\000p\000p\000\040\000F\000i\000l\000e\000\040\000R\000e\000f\000e\000r\000e\000n\000c\000e}{chapter.4}% 78
\BOOKMARK [1][-]{section.4.7}{\376\377\0004\000.\0007\000\040\000S\000i\000m\000u\000l\000a\000t\000o\000r\000/\000M\000o\000c\000k\000/\000M\000o\000c\000k\000M\000i\000s\000s\000i\000l\000e\000.\000h\000\040\000F\000i\000l\000e\000\040\000R\000e\000f\000e\000r\000e\000n\000c\000e}{chapter.4}% 79
\BOOKMARK [1][-]{section.4.8}{\376\377\0004\000.\0008\000\040\000M\000o\000c\000k\000M\000i\000s\000s\000i\000l\000e\000.\000h}{chapter.4}% 80
\BOOKMARK [1][-]{section.4.9}{\376\377\0004\000.\0009\000\040\000S\000i\000m\000u\000l\000a\000t\000o\000r\000/\000M\000o\000c\000k\000/\000M\000o\000c\000k\000M\000i\000s\000s\000i\000l\000e\000M\000a\000n\000a\000g\000e\000r\000.\000c\000p\000p\000\040\000F\000i\000l\000e\000\040\000R\000e\000f\000e\000r\000e\000n\000c\000e}{chapter.4}% 81
\BOOKMARK [1][-]{section.4.10}{\376\377\0004\000.\0001\0000\000\040\000S\000i\000m\000u\000l\000a\000t\000o\000r\000/\000M\000o\000c\000k\000/\000M\000o\000c\000k\000M\000i\000s\000s\000i\000l\000e\000M\000a\000n\000a\000g\000e\000r\000.\000h\000\040\000F\000i\000l\000e\000\040\000R\000e\000f\000e\000r\000e\000n\000c\000e}{chapter.4}% 82
\BOOKMARK [1][-]{section.4.11}{\376\377\0004\000.\0001\0001\000\040\000M\000o\000c\000k\000M\000i\000s\000s\000i\000l\000e\000M\000a\000n\000a\000g\000e\000r\000.\000h}{chapter.4}% 83
\BOOKMARK [1][-]{section.4.12}{\376\377\0004\000.\0001\0002\000\040\000S\000i\000m\000u\000l\000a\000t\000o\000r\000/\000M\000o\000c\000k\000/\000M\000o\000c\000k\000T\000a\000r\000g\000e\000t\000.\000c\000p\000p\000\040\000F\000i\000l\000e\000\040\000R\000e\000f\000e\000r\000e\000n\000c\000e}{chapter.4}% 84
\BOOKMARK [1][-]{section.4.13}{\376\377\0004\000.\0001\0003\000\040\000S\000i\000m\000u\000l\000a\000t\000o\000r\000/\000M\000o\000c\000k\000/\000M\000o\000c\000k\000T\000a\000r\000g\000e\000t\000.\000h\000\040\000F\000i\000l\000e\000\040\000R\000e\000f\000e\000r\000e\000n\000c\000e}{chapter.4}% 85
\BOOKMARK [1][-]{section.4.14}{\376\377\0004\000.\0001\0004\000\040\000M\000o\000c\000k\000T\000a\000r\000g\000e\000t\000.\000h}{chapter.4}% 86
\BOOKMARK [1][-]{section.4.15}{\376\377\0004\000.\0001\0005\000\040\000S\000i\000m\000u\000l\000a\000t\000o\000r\000/\000M\000o\000c\000k\000/\000M\000o\000c\000k\000T\000a\000r\000g\000e\000t\000M\000a\000n\000a\000g\000e\000r\000.\000c\000p\000p\000\040\000F\000i\000l\000e\000\040\000R\000e\000f\000e\000r\000e\000n\000c\000e}{chapter.4}% 87
\BOOKMARK [1][-]{section.4.16}{\376\377\0004\000.\0001\0006\000\040\000S\000i\000m\000u\000l\000a\000t\000o\000r\000/\000M\000o\000c\000k\000/\000M\000o\000c\000k\000T\000a\000r\000g\000e\000t\000M\000a\000n\000a\000g\000e\000r\000.\000h\000\040\000F\000i\000l\000e\000\040\000R\000e\000f\000e\000r\000e\000n\000c\000e}{chapter.4}% 88
\BOOKMARK [1][-]{section.4.17}{\376\377\0004\000.\0001\0007\000\040\000M\000o\000c\000k\000T\000a\000r\000g\000e\000t\000M\000a\000n\000a\000g\000e\000r\000.\000h}{chapter.4}% 89
\BOOKMARK [1][-]{section.4.18}{\376\377\0004\000.\0001\0008\000\040\000S\000i\000m\000u\000l\000a\000t\000o\000r\000/\000S\000i\000m\000u\000l\000a\000t\000o\000r\000/\000S\000i\000m\000u\000l\000a\000t\000o\000r\000.\000c\000p\000p\000\040\000F\000i\000l\000e\000\040\000R\000e\000f\000e\000r\000e\000n\000c\000e}{chapter.4}% 90
\BOOKMARK [1][-]{section.4.19}{\376\377\0004\000.\0001\0009\000\040\000S\000i\000m\000u\000l\000a\000t\000o\000r\000/\000S\000i\000m\000u\000l\000a\000t\000o\000r\000/\000S\000i\000m\000u\000l\000a\000t\000o\000r\000.\000h\000\040\000F\000i\000l\000e\000\040\000R\000e\000f\000e\000r\000e\000n\000c\000e}{chapter.4}% 91
\BOOKMARK [1][-]{section.4.20}{\376\377\0004\000.\0002\0000\000\040\000S\000i\000m\000u\000l\000a\000t\000o\000r\000.\000h}{chapter.4}% 92
\BOOKMARK [1][-]{section.4.21}{\376\377\0004\000.\0002\0001\000\040\000S\000i\000m\000u\000l\000a\000t\000o\000r\000/\000U\000D\000P\000C\000o\000m\000m\000u\000n\000i\000c\000a\000t\000e\000/\000L\000S\000R\000e\000c\000v\000U\000D\000P\000M\000a\000n\000a\000g\000e\000r\000.\000c\000p\000p\000\040\000F\000i\000l\000e\000\040\000R\000e\000f\000e\000r\000e\000n\000c\000e}{chapter.4}% 93
\BOOKMARK [1][-]{section.4.22}{\376\377\0004\000.\0002\0002\000\040\000S\000i\000m\000u\000l\000a\000t\000o\000r\000/\000U\000D\000P\000C\000o\000m\000m\000u\000n\000i\000c\000a\000t\000e\000/\000L\000S\000R\000e\000c\000v\000U\000D\000P\000M\000a\000n\000a\000g\000e\000r\000.\000h\000\040\000F\000i\000l\000e\000\040\000R\000e\000f\000e\000r\000e\000n\000c\000e}{chapter.4}% 94
\BOOKMARK [1][-]{section.4.23}{\376\377\0004\000.\0002\0003\000\040\000L\000S\000R\000e\000c\000v\000U\000D\000P\000M\000a\000n\000a\000g\000e\000r\000.\000h}{chapter.4}% 95
\BOOKMARK [1][-]{section.4.24}{\376\377\0004\000.\0002\0004\000\040\000S\000i\000m\000u\000l\000a\000t\000o\000r\000/\000U\000D\000P\000C\000o\000m\000m\000u\000n\000i\000c\000a\000t\000e\000/\000M\000F\000R\000S\000e\000n\000d\000U\000D\000P\000M\000a\000n\000a\000g\000e\000r\000.\000c\000p\000p\000\040\000F\000i\000l\000e\000\040\000R\000e\000f\000e\000r\000e\000n\000c\000e}{chapter.4}% 96
\BOOKMARK [1][-]{section.4.25}{\376\377\0004\000.\0002\0005\000\040\000S\000i\000m\000u\000l\000a\000t\000o\000r\000/\000U\000D\000P\000C\000o\000m\000m\000u\000n\000i\000c\000a\000t\000e\000/\000M\000F\000R\000S\000e\000n\000d\000U\000D\000P\000M\000a\000n\000a\000g\000e\000r\000.\000h\000\040\000F\000i\000l\000e\000\040\000R\000e\000f\000e\000r\000e\000n\000c\000e}{chapter.4}% 97
\BOOKMARK [1][-]{section.4.26}{\376\377\0004\000.\0002\0006\000\040\000M\000F\000R\000S\000e\000n\000d\000U\000D\000P\000M\000a\000n\000a\000g\000e\000r\000.\000h}{chapter.4}% 98
\BOOKMARK [0][-]{section*.56}{\376\377\000I\000n\000d\000e\000x}{}% 99
